<?xml version="1.0" encoding="utf-8"?><testsuites><testsuite name="pytest" errors="0" failures="12" skipped="0" tests="21" time="155.474" timestamp="2025-04-20T18:10:30.821329+02:00" hostname="macmini-fboltz-m4.local"><testcase classname="cakectl.test_cakectl" name="test_clone_with_tart" time="0.017"><failure message="FileNotFoundError: [Errno 2] No such file or directory: 'cakectl'">cakectl = &lt;cakectl.CakeCtl object at 0x1044934d0&gt;

    @pytest.mark.only_tart_present()
    def test_clone_with_tart(cakectl):
    	linux = f"linux-{uuid.uuid4()}"
    
    	# Create a Linux VM
&gt;   	cakectl.clone("ghcr.io/cirruslabs/ubuntu:24.04", linux)

cakectl/test_cakectl.py:13: 
_ _ _ _ _ _ _ _ _ _ _ _ _ _ _ _ _ _ _ _ _ _ _ _ _ _ _ _ _ _ _ _ _ _ _ _ _ _ _ _ _ _ _ _ _ _ _ _ _ _ _ _ _ _ _ _ _ _ _ _ _ _ _ _ _ _ _ _ _ _ _ _ _ _ _ _ _ _ _ _ _ _ _ _ _ 
cakectl/cakectl.py:77: in clone
    return self.run(["clone", oci, name])
cakectl/cakectl.py:125: in run
    completed_process = subprocess.run(["cakectl"] + args, env=env, capture_output=True, input=input, timeout=timeout, pass_fds=pass_fds)
/opt/homebrew/Cellar/python@3.13/3.13.3/Frameworks/Python.framework/Versions/3.13/lib/python3.13/subprocess.py:554: in run
    with Popen(*popenargs, **kwargs) as process:
/opt/homebrew/Cellar/python@3.13/3.13.3/Frameworks/Python.framework/Versions/3.13/lib/python3.13/subprocess.py:1039: in __init__
    self._execute_child(args, executable, preexec_fn, close_fds,
_ _ _ _ _ _ _ _ _ _ _ _ _ _ _ _ _ _ _ _ _ _ _ _ _ _ _ _ _ _ _ _ _ _ _ _ _ _ _ _ _ _ _ _ _ _ _ _ _ _ _ _ _ _ _ _ _ _ _ _ _ _ _ _ _ _ _ _ _ _ _ _ _ _ _ _ _ _ _ _ _ _ _ _ _ 

self = &lt;Popen: returncode: 255 args: ['cakectl', 'clone', 'ghcr.io/cirruslabs/ubunt...&gt;
args = ['cakectl', 'clone', 'ghcr.io/cirruslabs/ubuntu:24.04', 'linux-28a6c4aa-3989-4348-b727-892ffe62be51'], executable = b'cakectl', preexec_fn = None, close_fds = True
pass_fds = (), cwd = None
env = {'AFPCUBE_PASSWORD': 'efc2d3edb5136a54d02691758d4d0d91', 'AFPCUBE_SMTP_AUTH': 'true', 'AFPCUBE_SMTP_ENABLED': 'true', 'AFPCUBE_SMTP_FROM': 'fboltz@aldune.com', ...}
startupinfo = None, creationflags = 0, shell = False, p2cread = -1, p2cwrite = -1, c2pread = 12, c2pwrite = 13, errread = 14, errwrite = 15, restore_signals = True
gid = None, gids = None, uid = None, umask = -1, start_new_session = False, process_group = -1

    def _execute_child(self, args, executable, preexec_fn, close_fds,
                       pass_fds, cwd, env,
                       startupinfo, creationflags, shell,
                       p2cread, p2cwrite,
                       c2pread, c2pwrite,
                       errread, errwrite,
                       restore_signals,
                       gid, gids, uid, umask,
                       start_new_session, process_group):
        """Execute program (POSIX version)"""
    
        if isinstance(args, (str, bytes)):
            args = [args]
        elif isinstance(args, os.PathLike):
            if shell:
                raise TypeError('path-like args is not allowed when '
                                'shell is true')
            args = [args]
        else:
            args = list(args)
    
        if shell:
            # On Android the default shell is at '/system/bin/sh'.
            unix_shell = ('/system/bin/sh' if
                      hasattr(sys, 'getandroidapilevel') else '/bin/sh')
            args = [unix_shell, "-c"] + args
            if executable:
                args[0] = executable
    
        if executable is None:
            executable = args[0]
    
        sys.audit("subprocess.Popen", executable, args, cwd, env)
    
        if (_USE_POSIX_SPAWN
                and os.path.dirname(executable)
                and preexec_fn is None
                and (not close_fds or _HAVE_POSIX_SPAWN_CLOSEFROM)
                and not pass_fds
                and cwd is None
                and (p2cread == -1 or p2cread &gt; 2)
                and (c2pwrite == -1 or c2pwrite &gt; 2)
                and (errwrite == -1 or errwrite &gt; 2)
                and not start_new_session
                and process_group == -1
                and gid is None
                and gids is None
                and uid is None
                and umask &lt; 0):
            self._posix_spawn(args, executable, env, restore_signals, close_fds,
                              p2cread, p2cwrite,
                              c2pread, c2pwrite,
                              errread, errwrite)
            return
    
        orig_executable = executable
    
        # For transferring possible exec failure from child to parent.
        # Data format: "exception name:hex errno:description"
        # Pickle is not used; it is complex and involves memory allocation.
        errpipe_read, errpipe_write = os.pipe()
        # errpipe_write must not be in the standard io 0, 1, or 2 fd range.
        low_fds_to_close = []
        while errpipe_write &lt; 3:
            low_fds_to_close.append(errpipe_write)
            errpipe_write = os.dup(errpipe_write)
        for low_fd in low_fds_to_close:
            os.close(low_fd)
        try:
            try:
                # We must avoid complex work that could involve
                # malloc or free in the child process to avoid
                # potential deadlocks, thus we do all this here.
                # and pass it to fork_exec()
    
                if env is not None:
                    env_list = []
                    for k, v in env.items():
                        k = os.fsencode(k)
                        if b'=' in k:
                            raise ValueError("illegal environment variable name")
                        env_list.append(k + b'=' + os.fsencode(v))
                else:
                    env_list = None  # Use execv instead of execve.
                executable = os.fsencode(executable)
                if os.path.dirname(executable):
                    executable_list = (executable,)
                else:
                    # This matches the behavior of os._execvpe().
                    executable_list = tuple(
                        os.path.join(os.fsencode(dir), executable)
                        for dir in os.get_exec_path(env))
                fds_to_keep = set(pass_fds)
                fds_to_keep.add(errpipe_write)
                self.pid = _fork_exec(
                        args, executable_list,
                        close_fds, tuple(sorted(map(int, fds_to_keep))),
                        cwd, env_list,
                        p2cread, p2cwrite, c2pread, c2pwrite,
                        errread, errwrite,
                        errpipe_read, errpipe_write,
                        restore_signals, start_new_session,
                        process_group, gid, gids, uid, umask,
                        preexec_fn, _USE_VFORK)
                self._child_created = True
            finally:
                # be sure the FD is closed no matter what
                os.close(errpipe_write)
    
            self._close_pipe_fds(p2cread, p2cwrite,
                                 c2pread, c2pwrite,
                                 errread, errwrite)
    
            # Wait for exec to fail or succeed; possibly raising an
            # exception (limited in size)
            errpipe_data = bytearray()
            while True:
                part = os.read(errpipe_read, 50000)
                errpipe_data += part
                if not part or len(errpipe_data) &gt; 50000:
                    break
        finally:
            # be sure the FD is closed no matter what
            os.close(errpipe_read)
    
        if errpipe_data:
            try:
                pid, sts = os.waitpid(self.pid, 0)
                if pid == self.pid:
                    self._handle_exitstatus(sts)
                else:
                    self.returncode = sys.maxsize
            except ChildProcessError:
                pass
    
            try:
                exception_name, hex_errno, err_msg = (
                        errpipe_data.split(b':', 2))
                # The encoding here should match the encoding
                # written in by the subprocess implementations
                # like _posixsubprocess
                err_msg = err_msg.decode()
            except ValueError:
                exception_name = b'SubprocessError'
                hex_errno = b'0'
                err_msg = 'Bad exception data from child: {!r}'.format(
                              bytes(errpipe_data))
            child_exception_type = getattr(
                    builtins, exception_name.decode('ascii'),
                    SubprocessError)
            if issubclass(child_exception_type, OSError) and hex_errno:
                errno_num = int(hex_errno, 16)
                if err_msg == "noexec:chdir":
                    err_msg = ""
                    # The error must be from chdir(cwd).
                    err_filename = cwd
                elif err_msg == "noexec":
                    err_msg = ""
                    err_filename = None
                else:
                    err_filename = orig_executable
                if errno_num != 0:
                    err_msg = os.strerror(errno_num)
                if err_filename is not None:
&gt;                   raise child_exception_type(errno_num, err_msg, err_filename)
E                   FileNotFoundError: [Errno 2] No such file or directory: 'cakectl'

/opt/homebrew/Cellar/python@3.13/3.13.3/Frameworks/Python.framework/Versions/3.13/lib/python3.13/subprocess.py:1969: FileNotFoundError</failure></testcase><testcase classname="cakectl.test_cakectl" name="test_create_linux" time="0.004"><failure message="FileNotFoundError: [Errno 2] No such file or directory: 'cakectl'">cakectl = &lt;cakectl.CakeCtl object at 0x1044b3ed0&gt;

    def test_create_linux(cakectl):
    	linux = f"linux-{uuid.uuid4()}"
    
    	# Create a Linux VM
&gt;   	cakectl.build(linux)

cakectl/test_cakectl.py:26: 
_ _ _ _ _ _ _ _ _ _ _ _ _ _ _ _ _ _ _ _ _ _ _ _ _ _ _ _ _ _ _ _ _ _ _ _ _ _ _ _ _ _ _ _ _ _ _ _ _ _ _ _ _ _ _ _ _ _ _ _ _ _ _ _ _ _ _ _ _ _ _ _ _ _ _ _ _ _ _ _ _ _ _ _ _ 
cakectl/cakectl.py:50: in build
    return self.run(["build", vmname] + args)
cakectl/cakectl.py:125: in run
    completed_process = subprocess.run(["cakectl"] + args, env=env, capture_output=True, input=input, timeout=timeout, pass_fds=pass_fds)
/opt/homebrew/Cellar/python@3.13/3.13.3/Frameworks/Python.framework/Versions/3.13/lib/python3.13/subprocess.py:554: in run
    with Popen(*popenargs, **kwargs) as process:
/opt/homebrew/Cellar/python@3.13/3.13.3/Frameworks/Python.framework/Versions/3.13/lib/python3.13/subprocess.py:1039: in __init__
    self._execute_child(args, executable, preexec_fn, close_fds,
_ _ _ _ _ _ _ _ _ _ _ _ _ _ _ _ _ _ _ _ _ _ _ _ _ _ _ _ _ _ _ _ _ _ _ _ _ _ _ _ _ _ _ _ _ _ _ _ _ _ _ _ _ _ _ _ _ _ _ _ _ _ _ _ _ _ _ _ _ _ _ _ _ _ _ _ _ _ _ _ _ _ _ _ _ 

self = &lt;Popen: returncode: 255 args: ['cakectl', 'build', 'linux-4deb647d-073e-496c...&gt;
args = ['cakectl', 'build', 'linux-4deb647d-073e-496c-bc8d-994bfd4aef46', '--user=admin', '--password=admin', '--clear-password', ...], executable = b'cakectl'
preexec_fn = None, close_fds = True, pass_fds = (), cwd = None
env = {'AFPCUBE_PASSWORD': 'efc2d3edb5136a54d02691758d4d0d91', 'AFPCUBE_SMTP_AUTH': 'true', 'AFPCUBE_SMTP_ENABLED': 'true', 'AFPCUBE_SMTP_FROM': 'fboltz@aldune.com', ...}
startupinfo = None, creationflags = 0, shell = False, p2cread = -1, p2cwrite = -1, c2pread = 12, c2pwrite = 13, errread = 14, errwrite = 15, restore_signals = True
gid = None, gids = None, uid = None, umask = -1, start_new_session = False, process_group = -1

    def _execute_child(self, args, executable, preexec_fn, close_fds,
                       pass_fds, cwd, env,
                       startupinfo, creationflags, shell,
                       p2cread, p2cwrite,
                       c2pread, c2pwrite,
                       errread, errwrite,
                       restore_signals,
                       gid, gids, uid, umask,
                       start_new_session, process_group):
        """Execute program (POSIX version)"""
    
        if isinstance(args, (str, bytes)):
            args = [args]
        elif isinstance(args, os.PathLike):
            if shell:
                raise TypeError('path-like args is not allowed when '
                                'shell is true')
            args = [args]
        else:
            args = list(args)
    
        if shell:
            # On Android the default shell is at '/system/bin/sh'.
            unix_shell = ('/system/bin/sh' if
                      hasattr(sys, 'getandroidapilevel') else '/bin/sh')
            args = [unix_shell, "-c"] + args
            if executable:
                args[0] = executable
    
        if executable is None:
            executable = args[0]
    
        sys.audit("subprocess.Popen", executable, args, cwd, env)
    
        if (_USE_POSIX_SPAWN
                and os.path.dirname(executable)
                and preexec_fn is None
                and (not close_fds or _HAVE_POSIX_SPAWN_CLOSEFROM)
                and not pass_fds
                and cwd is None
                and (p2cread == -1 or p2cread &gt; 2)
                and (c2pwrite == -1 or c2pwrite &gt; 2)
                and (errwrite == -1 or errwrite &gt; 2)
                and not start_new_session
                and process_group == -1
                and gid is None
                and gids is None
                and uid is None
                and umask &lt; 0):
            self._posix_spawn(args, executable, env, restore_signals, close_fds,
                              p2cread, p2cwrite,
                              c2pread, c2pwrite,
                              errread, errwrite)
            return
    
        orig_executable = executable
    
        # For transferring possible exec failure from child to parent.
        # Data format: "exception name:hex errno:description"
        # Pickle is not used; it is complex and involves memory allocation.
        errpipe_read, errpipe_write = os.pipe()
        # errpipe_write must not be in the standard io 0, 1, or 2 fd range.
        low_fds_to_close = []
        while errpipe_write &lt; 3:
            low_fds_to_close.append(errpipe_write)
            errpipe_write = os.dup(errpipe_write)
        for low_fd in low_fds_to_close:
            os.close(low_fd)
        try:
            try:
                # We must avoid complex work that could involve
                # malloc or free in the child process to avoid
                # potential deadlocks, thus we do all this here.
                # and pass it to fork_exec()
    
                if env is not None:
                    env_list = []
                    for k, v in env.items():
                        k = os.fsencode(k)
                        if b'=' in k:
                            raise ValueError("illegal environment variable name")
                        env_list.append(k + b'=' + os.fsencode(v))
                else:
                    env_list = None  # Use execv instead of execve.
                executable = os.fsencode(executable)
                if os.path.dirname(executable):
                    executable_list = (executable,)
                else:
                    # This matches the behavior of os._execvpe().
                    executable_list = tuple(
                        os.path.join(os.fsencode(dir), executable)
                        for dir in os.get_exec_path(env))
                fds_to_keep = set(pass_fds)
                fds_to_keep.add(errpipe_write)
                self.pid = _fork_exec(
                        args, executable_list,
                        close_fds, tuple(sorted(map(int, fds_to_keep))),
                        cwd, env_list,
                        p2cread, p2cwrite, c2pread, c2pwrite,
                        errread, errwrite,
                        errpipe_read, errpipe_write,
                        restore_signals, start_new_session,
                        process_group, gid, gids, uid, umask,
                        preexec_fn, _USE_VFORK)
                self._child_created = True
            finally:
                # be sure the FD is closed no matter what
                os.close(errpipe_write)
    
            self._close_pipe_fds(p2cread, p2cwrite,
                                 c2pread, c2pwrite,
                                 errread, errwrite)
    
            # Wait for exec to fail or succeed; possibly raising an
            # exception (limited in size)
            errpipe_data = bytearray()
            while True:
                part = os.read(errpipe_read, 50000)
                errpipe_data += part
                if not part or len(errpipe_data) &gt; 50000:
                    break
        finally:
            # be sure the FD is closed no matter what
            os.close(errpipe_read)
    
        if errpipe_data:
            try:
                pid, sts = os.waitpid(self.pid, 0)
                if pid == self.pid:
                    self._handle_exitstatus(sts)
                else:
                    self.returncode = sys.maxsize
            except ChildProcessError:
                pass
    
            try:
                exception_name, hex_errno, err_msg = (
                        errpipe_data.split(b':', 2))
                # The encoding here should match the encoding
                # written in by the subprocess implementations
                # like _posixsubprocess
                err_msg = err_msg.decode()
            except ValueError:
                exception_name = b'SubprocessError'
                hex_errno = b'0'
                err_msg = 'Bad exception data from child: {!r}'.format(
                              bytes(errpipe_data))
            child_exception_type = getattr(
                    builtins, exception_name.decode('ascii'),
                    SubprocessError)
            if issubclass(child_exception_type, OSError) and hex_errno:
                errno_num = int(hex_errno, 16)
                if err_msg == "noexec:chdir":
                    err_msg = ""
                    # The error must be from chdir(cwd).
                    err_filename = cwd
                elif err_msg == "noexec":
                    err_msg = ""
                    err_filename = None
                else:
                    err_filename = orig_executable
                if errno_num != 0:
                    err_msg = os.strerror(errno_num)
                if err_filename is not None:
&gt;                   raise child_exception_type(errno_num, err_msg, err_filename)
E                   FileNotFoundError: [Errno 2] No such file or directory: 'cakectl'

/opt/homebrew/Cellar/python@3.13/3.13.3/Frameworks/Python.framework/Versions/3.13/lib/python3.13/subprocess.py:1969: FileNotFoundError</failure></testcase><testcase classname="cakectl.test_cakectl" name="test_rename" time="0.004"><failure message="FileNotFoundError: [Errno 2] No such file or directory: 'cakectl'">cakectl = &lt;cakectl.CakeCtl object at 0x10581cf50&gt;

    def test_rename(cakectl):
    	debian = f"debian-{uuid.uuid4()}"
    	ubuntu = f"ubuntu-{uuid.uuid4()}"
    
    	# Create a Linux VM
&gt;   	cakectl.build(debian)

cakectl/test_cakectl.py:40: 
_ _ _ _ _ _ _ _ _ _ _ _ _ _ _ _ _ _ _ _ _ _ _ _ _ _ _ _ _ _ _ _ _ _ _ _ _ _ _ _ _ _ _ _ _ _ _ _ _ _ _ _ _ _ _ _ _ _ _ _ _ _ _ _ _ _ _ _ _ _ _ _ _ _ _ _ _ _ _ _ _ _ _ _ _ 
cakectl/cakectl.py:50: in build
    return self.run(["build", vmname] + args)
cakectl/cakectl.py:125: in run
    completed_process = subprocess.run(["cakectl"] + args, env=env, capture_output=True, input=input, timeout=timeout, pass_fds=pass_fds)
/opt/homebrew/Cellar/python@3.13/3.13.3/Frameworks/Python.framework/Versions/3.13/lib/python3.13/subprocess.py:554: in run
    with Popen(*popenargs, **kwargs) as process:
/opt/homebrew/Cellar/python@3.13/3.13.3/Frameworks/Python.framework/Versions/3.13/lib/python3.13/subprocess.py:1039: in __init__
    self._execute_child(args, executable, preexec_fn, close_fds,
_ _ _ _ _ _ _ _ _ _ _ _ _ _ _ _ _ _ _ _ _ _ _ _ _ _ _ _ _ _ _ _ _ _ _ _ _ _ _ _ _ _ _ _ _ _ _ _ _ _ _ _ _ _ _ _ _ _ _ _ _ _ _ _ _ _ _ _ _ _ _ _ _ _ _ _ _ _ _ _ _ _ _ _ _ 

self = &lt;Popen: returncode: 255 args: ['cakectl', 'build', 'debian-34a12b7a-a760-420...&gt;
args = ['cakectl', 'build', 'debian-34a12b7a-a760-4203-850c-ce6500e57e50', '--user=admin', '--password=admin', '--clear-password', ...], executable = b'cakectl'
preexec_fn = None, close_fds = True, pass_fds = (), cwd = None
env = {'AFPCUBE_PASSWORD': 'efc2d3edb5136a54d02691758d4d0d91', 'AFPCUBE_SMTP_AUTH': 'true', 'AFPCUBE_SMTP_ENABLED': 'true', 'AFPCUBE_SMTP_FROM': 'fboltz@aldune.com', ...}
startupinfo = None, creationflags = 0, shell = False, p2cread = -1, p2cwrite = -1, c2pread = 12, c2pwrite = 13, errread = 14, errwrite = 15, restore_signals = True
gid = None, gids = None, uid = None, umask = -1, start_new_session = False, process_group = -1

    def _execute_child(self, args, executable, preexec_fn, close_fds,
                       pass_fds, cwd, env,
                       startupinfo, creationflags, shell,
                       p2cread, p2cwrite,
                       c2pread, c2pwrite,
                       errread, errwrite,
                       restore_signals,
                       gid, gids, uid, umask,
                       start_new_session, process_group):
        """Execute program (POSIX version)"""
    
        if isinstance(args, (str, bytes)):
            args = [args]
        elif isinstance(args, os.PathLike):
            if shell:
                raise TypeError('path-like args is not allowed when '
                                'shell is true')
            args = [args]
        else:
            args = list(args)
    
        if shell:
            # On Android the default shell is at '/system/bin/sh'.
            unix_shell = ('/system/bin/sh' if
                      hasattr(sys, 'getandroidapilevel') else '/bin/sh')
            args = [unix_shell, "-c"] + args
            if executable:
                args[0] = executable
    
        if executable is None:
            executable = args[0]
    
        sys.audit("subprocess.Popen", executable, args, cwd, env)
    
        if (_USE_POSIX_SPAWN
                and os.path.dirname(executable)
                and preexec_fn is None
                and (not close_fds or _HAVE_POSIX_SPAWN_CLOSEFROM)
                and not pass_fds
                and cwd is None
                and (p2cread == -1 or p2cread &gt; 2)
                and (c2pwrite == -1 or c2pwrite &gt; 2)
                and (errwrite == -1 or errwrite &gt; 2)
                and not start_new_session
                and process_group == -1
                and gid is None
                and gids is None
                and uid is None
                and umask &lt; 0):
            self._posix_spawn(args, executable, env, restore_signals, close_fds,
                              p2cread, p2cwrite,
                              c2pread, c2pwrite,
                              errread, errwrite)
            return
    
        orig_executable = executable
    
        # For transferring possible exec failure from child to parent.
        # Data format: "exception name:hex errno:description"
        # Pickle is not used; it is complex and involves memory allocation.
        errpipe_read, errpipe_write = os.pipe()
        # errpipe_write must not be in the standard io 0, 1, or 2 fd range.
        low_fds_to_close = []
        while errpipe_write &lt; 3:
            low_fds_to_close.append(errpipe_write)
            errpipe_write = os.dup(errpipe_write)
        for low_fd in low_fds_to_close:
            os.close(low_fd)
        try:
            try:
                # We must avoid complex work that could involve
                # malloc or free in the child process to avoid
                # potential deadlocks, thus we do all this here.
                # and pass it to fork_exec()
    
                if env is not None:
                    env_list = []
                    for k, v in env.items():
                        k = os.fsencode(k)
                        if b'=' in k:
                            raise ValueError("illegal environment variable name")
                        env_list.append(k + b'=' + os.fsencode(v))
                else:
                    env_list = None  # Use execv instead of execve.
                executable = os.fsencode(executable)
                if os.path.dirname(executable):
                    executable_list = (executable,)
                else:
                    # This matches the behavior of os._execvpe().
                    executable_list = tuple(
                        os.path.join(os.fsencode(dir), executable)
                        for dir in os.get_exec_path(env))
                fds_to_keep = set(pass_fds)
                fds_to_keep.add(errpipe_write)
                self.pid = _fork_exec(
                        args, executable_list,
                        close_fds, tuple(sorted(map(int, fds_to_keep))),
                        cwd, env_list,
                        p2cread, p2cwrite, c2pread, c2pwrite,
                        errread, errwrite,
                        errpipe_read, errpipe_write,
                        restore_signals, start_new_session,
                        process_group, gid, gids, uid, umask,
                        preexec_fn, _USE_VFORK)
                self._child_created = True
            finally:
                # be sure the FD is closed no matter what
                os.close(errpipe_write)
    
            self._close_pipe_fds(p2cread, p2cwrite,
                                 c2pread, c2pwrite,
                                 errread, errwrite)
    
            # Wait for exec to fail or succeed; possibly raising an
            # exception (limited in size)
            errpipe_data = bytearray()
            while True:
                part = os.read(errpipe_read, 50000)
                errpipe_data += part
                if not part or len(errpipe_data) &gt; 50000:
                    break
        finally:
            # be sure the FD is closed no matter what
            os.close(errpipe_read)
    
        if errpipe_data:
            try:
                pid, sts = os.waitpid(self.pid, 0)
                if pid == self.pid:
                    self._handle_exitstatus(sts)
                else:
                    self.returncode = sys.maxsize
            except ChildProcessError:
                pass
    
            try:
                exception_name, hex_errno, err_msg = (
                        errpipe_data.split(b':', 2))
                # The encoding here should match the encoding
                # written in by the subprocess implementations
                # like _posixsubprocess
                err_msg = err_msg.decode()
            except ValueError:
                exception_name = b'SubprocessError'
                hex_errno = b'0'
                err_msg = 'Bad exception data from child: {!r}'.format(
                              bytes(errpipe_data))
            child_exception_type = getattr(
                    builtins, exception_name.decode('ascii'),
                    SubprocessError)
            if issubclass(child_exception_type, OSError) and hex_errno:
                errno_num = int(hex_errno, 16)
                if err_msg == "noexec:chdir":
                    err_msg = ""
                    # The error must be from chdir(cwd).
                    err_filename = cwd
                elif err_msg == "noexec":
                    err_msg = ""
                    err_filename = None
                else:
                    err_filename = orig_executable
                if errno_num != 0:
                    err_msg = os.strerror(errno_num)
                if err_filename is not None:
&gt;                   raise child_exception_type(errno_num, err_msg, err_filename)
E                   FileNotFoundError: [Errno 2] No such file or directory: 'cakectl'

/opt/homebrew/Cellar/python@3.13/3.13.3/Frameworks/Python.framework/Versions/3.13/lib/python3.13/subprocess.py:1969: FileNotFoundError</failure></testcase><testcase classname="cakectl.test_cakectl" name="test_duplicate" time="0.004"><failure message="FileNotFoundError: [Errno 2] No such file or directory: 'cakectl'">cakectl = &lt;cakectl.CakeCtl object at 0x1045ea2c0&gt;

    def test_duplicate(cakectl):
    	debian = f"debian-{uuid.uuid4()}"
    	ubuntu = f"ubuntu-{uuid.uuid4()}"
    
    	# Create a Linux VM
&gt;   	cakectl.build(debian)

cakectl/test_cakectl.py:57: 
_ _ _ _ _ _ _ _ _ _ _ _ _ _ _ _ _ _ _ _ _ _ _ _ _ _ _ _ _ _ _ _ _ _ _ _ _ _ _ _ _ _ _ _ _ _ _ _ _ _ _ _ _ _ _ _ _ _ _ _ _ _ _ _ _ _ _ _ _ _ _ _ _ _ _ _ _ _ _ _ _ _ _ _ _ 
cakectl/cakectl.py:50: in build
    return self.run(["build", vmname] + args)
cakectl/cakectl.py:125: in run
    completed_process = subprocess.run(["cakectl"] + args, env=env, capture_output=True, input=input, timeout=timeout, pass_fds=pass_fds)
/opt/homebrew/Cellar/python@3.13/3.13.3/Frameworks/Python.framework/Versions/3.13/lib/python3.13/subprocess.py:554: in run
    with Popen(*popenargs, **kwargs) as process:
/opt/homebrew/Cellar/python@3.13/3.13.3/Frameworks/Python.framework/Versions/3.13/lib/python3.13/subprocess.py:1039: in __init__
    self._execute_child(args, executable, preexec_fn, close_fds,
_ _ _ _ _ _ _ _ _ _ _ _ _ _ _ _ _ _ _ _ _ _ _ _ _ _ _ _ _ _ _ _ _ _ _ _ _ _ _ _ _ _ _ _ _ _ _ _ _ _ _ _ _ _ _ _ _ _ _ _ _ _ _ _ _ _ _ _ _ _ _ _ _ _ _ _ _ _ _ _ _ _ _ _ _ 

self = &lt;Popen: returncode: 255 args: ['cakectl', 'build', 'debian-55fa5822-0e1c-478...&gt;
args = ['cakectl', 'build', 'debian-55fa5822-0e1c-4788-8093-94b0c794e1fd', '--user=admin', '--password=admin', '--clear-password', ...], executable = b'cakectl'
preexec_fn = None, close_fds = True, pass_fds = (), cwd = None
env = {'AFPCUBE_PASSWORD': 'efc2d3edb5136a54d02691758d4d0d91', 'AFPCUBE_SMTP_AUTH': 'true', 'AFPCUBE_SMTP_ENABLED': 'true', 'AFPCUBE_SMTP_FROM': 'fboltz@aldune.com', ...}
startupinfo = None, creationflags = 0, shell = False, p2cread = -1, p2cwrite = -1, c2pread = 12, c2pwrite = 13, errread = 14, errwrite = 15, restore_signals = True
gid = None, gids = None, uid = None, umask = -1, start_new_session = False, process_group = -1

    def _execute_child(self, args, executable, preexec_fn, close_fds,
                       pass_fds, cwd, env,
                       startupinfo, creationflags, shell,
                       p2cread, p2cwrite,
                       c2pread, c2pwrite,
                       errread, errwrite,
                       restore_signals,
                       gid, gids, uid, umask,
                       start_new_session, process_group):
        """Execute program (POSIX version)"""
    
        if isinstance(args, (str, bytes)):
            args = [args]
        elif isinstance(args, os.PathLike):
            if shell:
                raise TypeError('path-like args is not allowed when '
                                'shell is true')
            args = [args]
        else:
            args = list(args)
    
        if shell:
            # On Android the default shell is at '/system/bin/sh'.
            unix_shell = ('/system/bin/sh' if
                      hasattr(sys, 'getandroidapilevel') else '/bin/sh')
            args = [unix_shell, "-c"] + args
            if executable:
                args[0] = executable
    
        if executable is None:
            executable = args[0]
    
        sys.audit("subprocess.Popen", executable, args, cwd, env)
    
        if (_USE_POSIX_SPAWN
                and os.path.dirname(executable)
                and preexec_fn is None
                and (not close_fds or _HAVE_POSIX_SPAWN_CLOSEFROM)
                and not pass_fds
                and cwd is None
                and (p2cread == -1 or p2cread &gt; 2)
                and (c2pwrite == -1 or c2pwrite &gt; 2)
                and (errwrite == -1 or errwrite &gt; 2)
                and not start_new_session
                and process_group == -1
                and gid is None
                and gids is None
                and uid is None
                and umask &lt; 0):
            self._posix_spawn(args, executable, env, restore_signals, close_fds,
                              p2cread, p2cwrite,
                              c2pread, c2pwrite,
                              errread, errwrite)
            return
    
        orig_executable = executable
    
        # For transferring possible exec failure from child to parent.
        # Data format: "exception name:hex errno:description"
        # Pickle is not used; it is complex and involves memory allocation.
        errpipe_read, errpipe_write = os.pipe()
        # errpipe_write must not be in the standard io 0, 1, or 2 fd range.
        low_fds_to_close = []
        while errpipe_write &lt; 3:
            low_fds_to_close.append(errpipe_write)
            errpipe_write = os.dup(errpipe_write)
        for low_fd in low_fds_to_close:
            os.close(low_fd)
        try:
            try:
                # We must avoid complex work that could involve
                # malloc or free in the child process to avoid
                # potential deadlocks, thus we do all this here.
                # and pass it to fork_exec()
    
                if env is not None:
                    env_list = []
                    for k, v in env.items():
                        k = os.fsencode(k)
                        if b'=' in k:
                            raise ValueError("illegal environment variable name")
                        env_list.append(k + b'=' + os.fsencode(v))
                else:
                    env_list = None  # Use execv instead of execve.
                executable = os.fsencode(executable)
                if os.path.dirname(executable):
                    executable_list = (executable,)
                else:
                    # This matches the behavior of os._execvpe().
                    executable_list = tuple(
                        os.path.join(os.fsencode(dir), executable)
                        for dir in os.get_exec_path(env))
                fds_to_keep = set(pass_fds)
                fds_to_keep.add(errpipe_write)
                self.pid = _fork_exec(
                        args, executable_list,
                        close_fds, tuple(sorted(map(int, fds_to_keep))),
                        cwd, env_list,
                        p2cread, p2cwrite, c2pread, c2pwrite,
                        errread, errwrite,
                        errpipe_read, errpipe_write,
                        restore_signals, start_new_session,
                        process_group, gid, gids, uid, umask,
                        preexec_fn, _USE_VFORK)
                self._child_created = True
            finally:
                # be sure the FD is closed no matter what
                os.close(errpipe_write)
    
            self._close_pipe_fds(p2cread, p2cwrite,
                                 c2pread, c2pwrite,
                                 errread, errwrite)
    
            # Wait for exec to fail or succeed; possibly raising an
            # exception (limited in size)
            errpipe_data = bytearray()
            while True:
                part = os.read(errpipe_read, 50000)
                errpipe_data += part
                if not part or len(errpipe_data) &gt; 50000:
                    break
        finally:
            # be sure the FD is closed no matter what
            os.close(errpipe_read)
    
        if errpipe_data:
            try:
                pid, sts = os.waitpid(self.pid, 0)
                if pid == self.pid:
                    self._handle_exitstatus(sts)
                else:
                    self.returncode = sys.maxsize
            except ChildProcessError:
                pass
    
            try:
                exception_name, hex_errno, err_msg = (
                        errpipe_data.split(b':', 2))
                # The encoding here should match the encoding
                # written in by the subprocess implementations
                # like _posixsubprocess
                err_msg = err_msg.decode()
            except ValueError:
                exception_name = b'SubprocessError'
                hex_errno = b'0'
                err_msg = 'Bad exception data from child: {!r}'.format(
                              bytes(errpipe_data))
            child_exception_type = getattr(
                    builtins, exception_name.decode('ascii'),
                    SubprocessError)
            if issubclass(child_exception_type, OSError) and hex_errno:
                errno_num = int(hex_errno, 16)
                if err_msg == "noexec:chdir":
                    err_msg = ""
                    # The error must be from chdir(cwd).
                    err_filename = cwd
                elif err_msg == "noexec":
                    err_msg = ""
                    err_filename = None
                else:
                    err_filename = orig_executable
                if errno_num != 0:
                    err_msg = os.strerror(errno_num)
                if err_filename is not None:
&gt;                   raise child_exception_type(errno_num, err_msg, err_filename)
E                   FileNotFoundError: [Errno 2] No such file or directory: 'cakectl'

/opt/homebrew/Cellar/python@3.13/3.13.3/Frameworks/Python.framework/Versions/3.13/lib/python3.13/subprocess.py:1969: FileNotFoundError</failure></testcase><testcase classname="cakectl.test_cakectl" name="test_delete" time="0.005"><failure message="FileNotFoundError: [Errno 2] No such file or directory: 'cakectl'">cakectl = &lt;cakectl.CakeCtl object at 0x1045ea780&gt;

    def test_delete(cakectl):
    	vmname = f"vmname-{uuid.uuid4()}"
    
    	# Create an ubuntu VM
&gt;   	cakectl.build(vmname)

cakectl/test_cakectl.py:75: 
_ _ _ _ _ _ _ _ _ _ _ _ _ _ _ _ _ _ _ _ _ _ _ _ _ _ _ _ _ _ _ _ _ _ _ _ _ _ _ _ _ _ _ _ _ _ _ _ _ _ _ _ _ _ _ _ _ _ _ _ _ _ _ _ _ _ _ _ _ _ _ _ _ _ _ _ _ _ _ _ _ _ _ _ _ 
cakectl/cakectl.py:50: in build
    return self.run(["build", vmname] + args)
cakectl/cakectl.py:125: in run
    completed_process = subprocess.run(["cakectl"] + args, env=env, capture_output=True, input=input, timeout=timeout, pass_fds=pass_fds)
/opt/homebrew/Cellar/python@3.13/3.13.3/Frameworks/Python.framework/Versions/3.13/lib/python3.13/subprocess.py:554: in run
    with Popen(*popenargs, **kwargs) as process:
/opt/homebrew/Cellar/python@3.13/3.13.3/Frameworks/Python.framework/Versions/3.13/lib/python3.13/subprocess.py:1039: in __init__
    self._execute_child(args, executable, preexec_fn, close_fds,
_ _ _ _ _ _ _ _ _ _ _ _ _ _ _ _ _ _ _ _ _ _ _ _ _ _ _ _ _ _ _ _ _ _ _ _ _ _ _ _ _ _ _ _ _ _ _ _ _ _ _ _ _ _ _ _ _ _ _ _ _ _ _ _ _ _ _ _ _ _ _ _ _ _ _ _ _ _ _ _ _ _ _ _ _ 

self = &lt;Popen: returncode: 255 args: ['cakectl', 'build', 'vmname-d691ea79-8872-43b...&gt;
args = ['cakectl', 'build', 'vmname-d691ea79-8872-43bf-97fa-ea787bd45b3f', '--user=admin', '--password=admin', '--clear-password', ...], executable = b'cakectl'
preexec_fn = None, close_fds = True, pass_fds = (), cwd = None
env = {'AFPCUBE_PASSWORD': 'efc2d3edb5136a54d02691758d4d0d91', 'AFPCUBE_SMTP_AUTH': 'true', 'AFPCUBE_SMTP_ENABLED': 'true', 'AFPCUBE_SMTP_FROM': 'fboltz@aldune.com', ...}
startupinfo = None, creationflags = 0, shell = False, p2cread = -1, p2cwrite = -1, c2pread = 12, c2pwrite = 13, errread = 14, errwrite = 15, restore_signals = True
gid = None, gids = None, uid = None, umask = -1, start_new_session = False, process_group = -1

    def _execute_child(self, args, executable, preexec_fn, close_fds,
                       pass_fds, cwd, env,
                       startupinfo, creationflags, shell,
                       p2cread, p2cwrite,
                       c2pread, c2pwrite,
                       errread, errwrite,
                       restore_signals,
                       gid, gids, uid, umask,
                       start_new_session, process_group):
        """Execute program (POSIX version)"""
    
        if isinstance(args, (str, bytes)):
            args = [args]
        elif isinstance(args, os.PathLike):
            if shell:
                raise TypeError('path-like args is not allowed when '
                                'shell is true')
            args = [args]
        else:
            args = list(args)
    
        if shell:
            # On Android the default shell is at '/system/bin/sh'.
            unix_shell = ('/system/bin/sh' if
                      hasattr(sys, 'getandroidapilevel') else '/bin/sh')
            args = [unix_shell, "-c"] + args
            if executable:
                args[0] = executable
    
        if executable is None:
            executable = args[0]
    
        sys.audit("subprocess.Popen", executable, args, cwd, env)
    
        if (_USE_POSIX_SPAWN
                and os.path.dirname(executable)
                and preexec_fn is None
                and (not close_fds or _HAVE_POSIX_SPAWN_CLOSEFROM)
                and not pass_fds
                and cwd is None
                and (p2cread == -1 or p2cread &gt; 2)
                and (c2pwrite == -1 or c2pwrite &gt; 2)
                and (errwrite == -1 or errwrite &gt; 2)
                and not start_new_session
                and process_group == -1
                and gid is None
                and gids is None
                and uid is None
                and umask &lt; 0):
            self._posix_spawn(args, executable, env, restore_signals, close_fds,
                              p2cread, p2cwrite,
                              c2pread, c2pwrite,
                              errread, errwrite)
            return
    
        orig_executable = executable
    
        # For transferring possible exec failure from child to parent.
        # Data format: "exception name:hex errno:description"
        # Pickle is not used; it is complex and involves memory allocation.
        errpipe_read, errpipe_write = os.pipe()
        # errpipe_write must not be in the standard io 0, 1, or 2 fd range.
        low_fds_to_close = []
        while errpipe_write &lt; 3:
            low_fds_to_close.append(errpipe_write)
            errpipe_write = os.dup(errpipe_write)
        for low_fd in low_fds_to_close:
            os.close(low_fd)
        try:
            try:
                # We must avoid complex work that could involve
                # malloc or free in the child process to avoid
                # potential deadlocks, thus we do all this here.
                # and pass it to fork_exec()
    
                if env is not None:
                    env_list = []
                    for k, v in env.items():
                        k = os.fsencode(k)
                        if b'=' in k:
                            raise ValueError("illegal environment variable name")
                        env_list.append(k + b'=' + os.fsencode(v))
                else:
                    env_list = None  # Use execv instead of execve.
                executable = os.fsencode(executable)
                if os.path.dirname(executable):
                    executable_list = (executable,)
                else:
                    # This matches the behavior of os._execvpe().
                    executable_list = tuple(
                        os.path.join(os.fsencode(dir), executable)
                        for dir in os.get_exec_path(env))
                fds_to_keep = set(pass_fds)
                fds_to_keep.add(errpipe_write)
                self.pid = _fork_exec(
                        args, executable_list,
                        close_fds, tuple(sorted(map(int, fds_to_keep))),
                        cwd, env_list,
                        p2cread, p2cwrite, c2pread, c2pwrite,
                        errread, errwrite,
                        errpipe_read, errpipe_write,
                        restore_signals, start_new_session,
                        process_group, gid, gids, uid, umask,
                        preexec_fn, _USE_VFORK)
                self._child_created = True
            finally:
                # be sure the FD is closed no matter what
                os.close(errpipe_write)
    
            self._close_pipe_fds(p2cread, p2cwrite,
                                 c2pread, c2pwrite,
                                 errread, errwrite)
    
            # Wait for exec to fail or succeed; possibly raising an
            # exception (limited in size)
            errpipe_data = bytearray()
            while True:
                part = os.read(errpipe_read, 50000)
                errpipe_data += part
                if not part or len(errpipe_data) &gt; 50000:
                    break
        finally:
            # be sure the FD is closed no matter what
            os.close(errpipe_read)
    
        if errpipe_data:
            try:
                pid, sts = os.waitpid(self.pid, 0)
                if pid == self.pid:
                    self._handle_exitstatus(sts)
                else:
                    self.returncode = sys.maxsize
            except ChildProcessError:
                pass
    
            try:
                exception_name, hex_errno, err_msg = (
                        errpipe_data.split(b':', 2))
                # The encoding here should match the encoding
                # written in by the subprocess implementations
                # like _posixsubprocess
                err_msg = err_msg.decode()
            except ValueError:
                exception_name = b'SubprocessError'
                hex_errno = b'0'
                err_msg = 'Bad exception data from child: {!r}'.format(
                              bytes(errpipe_data))
            child_exception_type = getattr(
                    builtins, exception_name.decode('ascii'),
                    SubprocessError)
            if issubclass(child_exception_type, OSError) and hex_errno:
                errno_num = int(hex_errno, 16)
                if err_msg == "noexec:chdir":
                    err_msg = ""
                    # The error must be from chdir(cwd).
                    err_filename = cwd
                elif err_msg == "noexec":
                    err_msg = ""
                    err_filename = None
                else:
                    err_filename = orig_executable
                if errno_num != 0:
                    err_msg = os.strerror(errno_num)
                if err_filename is not None:
&gt;                   raise child_exception_type(errno_num, err_msg, err_filename)
E                   FileNotFoundError: [Errno 2] No such file or directory: 'cakectl'

/opt/homebrew/Cellar/python@3.13/3.13.3/Frameworks/Python.framework/Versions/3.13/lib/python3.13/subprocess.py:1969: FileNotFoundError</failure></testcase><testcase classname="cakectl.test_cakectl" name="test_launch" time="0.004"><failure message="FileNotFoundError: [Errno 2] No such file or directory: 'cakectl'">cakectl = &lt;cakectl.CakeCtl object at 0x1046968d0&gt;

    def test_launch(cakectl):
    	vm_name = f"integration-test-run-{uuid.uuid4()}"
    
    	# Instantiate a VM with admin:admin SSH access
&gt;   	stdout, _ = cakectl.launch(vm_name)

cakectl/test_cakectl.py:93: 
_ _ _ _ _ _ _ _ _ _ _ _ _ _ _ _ _ _ _ _ _ _ _ _ _ _ _ _ _ _ _ _ _ _ _ _ _ _ _ _ _ _ _ _ _ _ _ _ _ _ _ _ _ _ _ _ _ _ _ _ _ _ _ _ _ _ _ _ _ _ _ _ _ _ _ _ _ _ _ _ _ _ _ _ _ 
cakectl/cakectl.py:53: in launch
    return self.run(["launch", vmname] + args)
cakectl/cakectl.py:125: in run
    completed_process = subprocess.run(["cakectl"] + args, env=env, capture_output=True, input=input, timeout=timeout, pass_fds=pass_fds)
/opt/homebrew/Cellar/python@3.13/3.13.3/Frameworks/Python.framework/Versions/3.13/lib/python3.13/subprocess.py:554: in run
    with Popen(*popenargs, **kwargs) as process:
/opt/homebrew/Cellar/python@3.13/3.13.3/Frameworks/Python.framework/Versions/3.13/lib/python3.13/subprocess.py:1039: in __init__
    self._execute_child(args, executable, preexec_fn, close_fds,
_ _ _ _ _ _ _ _ _ _ _ _ _ _ _ _ _ _ _ _ _ _ _ _ _ _ _ _ _ _ _ _ _ _ _ _ _ _ _ _ _ _ _ _ _ _ _ _ _ _ _ _ _ _ _ _ _ _ _ _ _ _ _ _ _ _ _ _ _ _ _ _ _ _ _ _ _ _ _ _ _ _ _ _ _ 

self = &lt;Popen: returncode: 255 args: ['cakectl', 'launch', 'integration-test-run-f1...&gt;
args = ['cakectl', 'launch', 'integration-test-run-f197f2cf-b70f-4b3a-84ff-3d5876a5a604', '--user=admin', '--password=admin', '--clear-password', ...]
executable = b'cakectl', preexec_fn = None, close_fds = True, pass_fds = (), cwd = None
env = {'AFPCUBE_PASSWORD': 'efc2d3edb5136a54d02691758d4d0d91', 'AFPCUBE_SMTP_AUTH': 'true', 'AFPCUBE_SMTP_ENABLED': 'true', 'AFPCUBE_SMTP_FROM': 'fboltz@aldune.com', ...}
startupinfo = None, creationflags = 0, shell = False, p2cread = -1, p2cwrite = -1, c2pread = 12, c2pwrite = 13, errread = 14, errwrite = 15, restore_signals = True
gid = None, gids = None, uid = None, umask = -1, start_new_session = False, process_group = -1

    def _execute_child(self, args, executable, preexec_fn, close_fds,
                       pass_fds, cwd, env,
                       startupinfo, creationflags, shell,
                       p2cread, p2cwrite,
                       c2pread, c2pwrite,
                       errread, errwrite,
                       restore_signals,
                       gid, gids, uid, umask,
                       start_new_session, process_group):
        """Execute program (POSIX version)"""
    
        if isinstance(args, (str, bytes)):
            args = [args]
        elif isinstance(args, os.PathLike):
            if shell:
                raise TypeError('path-like args is not allowed when '
                                'shell is true')
            args = [args]
        else:
            args = list(args)
    
        if shell:
            # On Android the default shell is at '/system/bin/sh'.
            unix_shell = ('/system/bin/sh' if
                      hasattr(sys, 'getandroidapilevel') else '/bin/sh')
            args = [unix_shell, "-c"] + args
            if executable:
                args[0] = executable
    
        if executable is None:
            executable = args[0]
    
        sys.audit("subprocess.Popen", executable, args, cwd, env)
    
        if (_USE_POSIX_SPAWN
                and os.path.dirname(executable)
                and preexec_fn is None
                and (not close_fds or _HAVE_POSIX_SPAWN_CLOSEFROM)
                and not pass_fds
                and cwd is None
                and (p2cread == -1 or p2cread &gt; 2)
                and (c2pwrite == -1 or c2pwrite &gt; 2)
                and (errwrite == -1 or errwrite &gt; 2)
                and not start_new_session
                and process_group == -1
                and gid is None
                and gids is None
                and uid is None
                and umask &lt; 0):
            self._posix_spawn(args, executable, env, restore_signals, close_fds,
                              p2cread, p2cwrite,
                              c2pread, c2pwrite,
                              errread, errwrite)
            return
    
        orig_executable = executable
    
        # For transferring possible exec failure from child to parent.
        # Data format: "exception name:hex errno:description"
        # Pickle is not used; it is complex and involves memory allocation.
        errpipe_read, errpipe_write = os.pipe()
        # errpipe_write must not be in the standard io 0, 1, or 2 fd range.
        low_fds_to_close = []
        while errpipe_write &lt; 3:
            low_fds_to_close.append(errpipe_write)
            errpipe_write = os.dup(errpipe_write)
        for low_fd in low_fds_to_close:
            os.close(low_fd)
        try:
            try:
                # We must avoid complex work that could involve
                # malloc or free in the child process to avoid
                # potential deadlocks, thus we do all this here.
                # and pass it to fork_exec()
    
                if env is not None:
                    env_list = []
                    for k, v in env.items():
                        k = os.fsencode(k)
                        if b'=' in k:
                            raise ValueError("illegal environment variable name")
                        env_list.append(k + b'=' + os.fsencode(v))
                else:
                    env_list = None  # Use execv instead of execve.
                executable = os.fsencode(executable)
                if os.path.dirname(executable):
                    executable_list = (executable,)
                else:
                    # This matches the behavior of os._execvpe().
                    executable_list = tuple(
                        os.path.join(os.fsencode(dir), executable)
                        for dir in os.get_exec_path(env))
                fds_to_keep = set(pass_fds)
                fds_to_keep.add(errpipe_write)
                self.pid = _fork_exec(
                        args, executable_list,
                        close_fds, tuple(sorted(map(int, fds_to_keep))),
                        cwd, env_list,
                        p2cread, p2cwrite, c2pread, c2pwrite,
                        errread, errwrite,
                        errpipe_read, errpipe_write,
                        restore_signals, start_new_session,
                        process_group, gid, gids, uid, umask,
                        preexec_fn, _USE_VFORK)
                self._child_created = True
            finally:
                # be sure the FD is closed no matter what
                os.close(errpipe_write)
    
            self._close_pipe_fds(p2cread, p2cwrite,
                                 c2pread, c2pwrite,
                                 errread, errwrite)
    
            # Wait for exec to fail or succeed; possibly raising an
            # exception (limited in size)
            errpipe_data = bytearray()
            while True:
                part = os.read(errpipe_read, 50000)
                errpipe_data += part
                if not part or len(errpipe_data) &gt; 50000:
                    break
        finally:
            # be sure the FD is closed no matter what
            os.close(errpipe_read)
    
        if errpipe_data:
            try:
                pid, sts = os.waitpid(self.pid, 0)
                if pid == self.pid:
                    self._handle_exitstatus(sts)
                else:
                    self.returncode = sys.maxsize
            except ChildProcessError:
                pass
    
            try:
                exception_name, hex_errno, err_msg = (
                        errpipe_data.split(b':', 2))
                # The encoding here should match the encoding
                # written in by the subprocess implementations
                # like _posixsubprocess
                err_msg = err_msg.decode()
            except ValueError:
                exception_name = b'SubprocessError'
                hex_errno = b'0'
                err_msg = 'Bad exception data from child: {!r}'.format(
                              bytes(errpipe_data))
            child_exception_type = getattr(
                    builtins, exception_name.decode('ascii'),
                    SubprocessError)
            if issubclass(child_exception_type, OSError) and hex_errno:
                errno_num = int(hex_errno, 16)
                if err_msg == "noexec:chdir":
                    err_msg = ""
                    # The error must be from chdir(cwd).
                    err_filename = cwd
                elif err_msg == "noexec":
                    err_msg = ""
                    err_filename = None
                else:
                    err_filename = orig_executable
                if errno_num != 0:
                    err_msg = os.strerror(errno_num)
                if err_filename is not None:
&gt;                   raise child_exception_type(errno_num, err_msg, err_filename)
E                   FileNotFoundError: [Errno 2] No such file or directory: 'cakectl'

/opt/homebrew/Cellar/python@3.13/3.13.3/Frameworks/Python.framework/Versions/3.13/lib/python3.13/subprocess.py:1969: FileNotFoundError</failure></testcase><testcase classname="cakectl.test_cakectl" name="test_remote" time="0.004"><failure message="FileNotFoundError: [Errno 2] No such file or directory: 'cakectl'">cakectl = &lt;cakectl.CakeCtl object at 0x105885480&gt;

    def test_remote(cakectl):
&gt;   	stdout, _ = cakectl.add_remote("test-remote", "https://images.lxd.canonical.com/")

cakectl/test_cakectl.py:103: 
_ _ _ _ _ _ _ _ _ _ _ _ _ _ _ _ _ _ _ _ _ _ _ _ _ _ _ _ _ _ _ _ _ _ _ _ _ _ _ _ _ _ _ _ _ _ _ _ _ _ _ _ _ _ _ _ _ _ _ _ _ _ _ _ _ _ _ _ _ _ _ _ _ _ _ _ _ _ _ _ _ _ _ _ _ 
cakectl/cakectl.py:110: in add_remote
    return self.run(["remote", "add", name, url])
cakectl/cakectl.py:125: in run
    completed_process = subprocess.run(["cakectl"] + args, env=env, capture_output=True, input=input, timeout=timeout, pass_fds=pass_fds)
/opt/homebrew/Cellar/python@3.13/3.13.3/Frameworks/Python.framework/Versions/3.13/lib/python3.13/subprocess.py:554: in run
    with Popen(*popenargs, **kwargs) as process:
/opt/homebrew/Cellar/python@3.13/3.13.3/Frameworks/Python.framework/Versions/3.13/lib/python3.13/subprocess.py:1039: in __init__
    self._execute_child(args, executable, preexec_fn, close_fds,
_ _ _ _ _ _ _ _ _ _ _ _ _ _ _ _ _ _ _ _ _ _ _ _ _ _ _ _ _ _ _ _ _ _ _ _ _ _ _ _ _ _ _ _ _ _ _ _ _ _ _ _ _ _ _ _ _ _ _ _ _ _ _ _ _ _ _ _ _ _ _ _ _ _ _ _ _ _ _ _ _ _ _ _ _ 

self = &lt;Popen: returncode: 255 args: ['cakectl', 'remote', 'add', 'test-remote', 'h...&gt;
args = ['cakectl', 'remote', 'add', 'test-remote', 'https://images.lxd.canonical.com/'], executable = b'cakectl', preexec_fn = None, close_fds = True, pass_fds = ()
cwd = None
env = {'AFPCUBE_PASSWORD': 'efc2d3edb5136a54d02691758d4d0d91', 'AFPCUBE_SMTP_AUTH': 'true', 'AFPCUBE_SMTP_ENABLED': 'true', 'AFPCUBE_SMTP_FROM': 'fboltz@aldune.com', ...}
startupinfo = None, creationflags = 0, shell = False, p2cread = -1, p2cwrite = -1, c2pread = 12, c2pwrite = 13, errread = 14, errwrite = 15, restore_signals = True
gid = None, gids = None, uid = None, umask = -1, start_new_session = False, process_group = -1

    def _execute_child(self, args, executable, preexec_fn, close_fds,
                       pass_fds, cwd, env,
                       startupinfo, creationflags, shell,
                       p2cread, p2cwrite,
                       c2pread, c2pwrite,
                       errread, errwrite,
                       restore_signals,
                       gid, gids, uid, umask,
                       start_new_session, process_group):
        """Execute program (POSIX version)"""
    
        if isinstance(args, (str, bytes)):
            args = [args]
        elif isinstance(args, os.PathLike):
            if shell:
                raise TypeError('path-like args is not allowed when '
                                'shell is true')
            args = [args]
        else:
            args = list(args)
    
        if shell:
            # On Android the default shell is at '/system/bin/sh'.
            unix_shell = ('/system/bin/sh' if
                      hasattr(sys, 'getandroidapilevel') else '/bin/sh')
            args = [unix_shell, "-c"] + args
            if executable:
                args[0] = executable
    
        if executable is None:
            executable = args[0]
    
        sys.audit("subprocess.Popen", executable, args, cwd, env)
    
        if (_USE_POSIX_SPAWN
                and os.path.dirname(executable)
                and preexec_fn is None
                and (not close_fds or _HAVE_POSIX_SPAWN_CLOSEFROM)
                and not pass_fds
                and cwd is None
                and (p2cread == -1 or p2cread &gt; 2)
                and (c2pwrite == -1 or c2pwrite &gt; 2)
                and (errwrite == -1 or errwrite &gt; 2)
                and not start_new_session
                and process_group == -1
                and gid is None
                and gids is None
                and uid is None
                and umask &lt; 0):
            self._posix_spawn(args, executable, env, restore_signals, close_fds,
                              p2cread, p2cwrite,
                              c2pread, c2pwrite,
                              errread, errwrite)
            return
    
        orig_executable = executable
    
        # For transferring possible exec failure from child to parent.
        # Data format: "exception name:hex errno:description"
        # Pickle is not used; it is complex and involves memory allocation.
        errpipe_read, errpipe_write = os.pipe()
        # errpipe_write must not be in the standard io 0, 1, or 2 fd range.
        low_fds_to_close = []
        while errpipe_write &lt; 3:
            low_fds_to_close.append(errpipe_write)
            errpipe_write = os.dup(errpipe_write)
        for low_fd in low_fds_to_close:
            os.close(low_fd)
        try:
            try:
                # We must avoid complex work that could involve
                # malloc or free in the child process to avoid
                # potential deadlocks, thus we do all this here.
                # and pass it to fork_exec()
    
                if env is not None:
                    env_list = []
                    for k, v in env.items():
                        k = os.fsencode(k)
                        if b'=' in k:
                            raise ValueError("illegal environment variable name")
                        env_list.append(k + b'=' + os.fsencode(v))
                else:
                    env_list = None  # Use execv instead of execve.
                executable = os.fsencode(executable)
                if os.path.dirname(executable):
                    executable_list = (executable,)
                else:
                    # This matches the behavior of os._execvpe().
                    executable_list = tuple(
                        os.path.join(os.fsencode(dir), executable)
                        for dir in os.get_exec_path(env))
                fds_to_keep = set(pass_fds)
                fds_to_keep.add(errpipe_write)
                self.pid = _fork_exec(
                        args, executable_list,
                        close_fds, tuple(sorted(map(int, fds_to_keep))),
                        cwd, env_list,
                        p2cread, p2cwrite, c2pread, c2pwrite,
                        errread, errwrite,
                        errpipe_read, errpipe_write,
                        restore_signals, start_new_session,
                        process_group, gid, gids, uid, umask,
                        preexec_fn, _USE_VFORK)
                self._child_created = True
            finally:
                # be sure the FD is closed no matter what
                os.close(errpipe_write)
    
            self._close_pipe_fds(p2cread, p2cwrite,
                                 c2pread, c2pwrite,
                                 errread, errwrite)
    
            # Wait for exec to fail or succeed; possibly raising an
            # exception (limited in size)
            errpipe_data = bytearray()
            while True:
                part = os.read(errpipe_read, 50000)
                errpipe_data += part
                if not part or len(errpipe_data) &gt; 50000:
                    break
        finally:
            # be sure the FD is closed no matter what
            os.close(errpipe_read)
    
        if errpipe_data:
            try:
                pid, sts = os.waitpid(self.pid, 0)
                if pid == self.pid:
                    self._handle_exitstatus(sts)
                else:
                    self.returncode = sys.maxsize
            except ChildProcessError:
                pass
    
            try:
                exception_name, hex_errno, err_msg = (
                        errpipe_data.split(b':', 2))
                # The encoding here should match the encoding
                # written in by the subprocess implementations
                # like _posixsubprocess
                err_msg = err_msg.decode()
            except ValueError:
                exception_name = b'SubprocessError'
                hex_errno = b'0'
                err_msg = 'Bad exception data from child: {!r}'.format(
                              bytes(errpipe_data))
            child_exception_type = getattr(
                    builtins, exception_name.decode('ascii'),
                    SubprocessError)
            if issubclass(child_exception_type, OSError) and hex_errno:
                errno_num = int(hex_errno, 16)
                if err_msg == "noexec:chdir":
                    err_msg = ""
                    # The error must be from chdir(cwd).
                    err_filename = cwd
                elif err_msg == "noexec":
                    err_msg = ""
                    err_filename = None
                else:
                    err_filename = orig_executable
                if errno_num != 0:
                    err_msg = os.strerror(errno_num)
                if err_filename is not None:
&gt;                   raise child_exception_type(errno_num, err_msg, err_filename)
E                   FileNotFoundError: [Errno 2] No such file or directory: 'cakectl'

/opt/homebrew/Cellar/python@3.13/3.13.3/Frameworks/Python.framework/Versions/3.13/lib/python3.13/subprocess.py:1969: FileNotFoundError</failure></testcase><testcase classname="cakectl.test_cakectl" name="test_template" time="0.004"><failure message="FileNotFoundError: [Errno 2] No such file or directory: 'cakectl'">cakectl = &lt;cakectl.CakeCtl object at 0x105886140&gt;

    def test_template(cakectl):
    	debian = f"debian-{uuid.uuid4()}"
    	ubuntu = f"ubuntu-{uuid.uuid4()}"
    
    	# Create a Linux VM (because we can create it really fast)
&gt;   	cakectl.build(debian)

cakectl/test_cakectl.py:120: 
_ _ _ _ _ _ _ _ _ _ _ _ _ _ _ _ _ _ _ _ _ _ _ _ _ _ _ _ _ _ _ _ _ _ _ _ _ _ _ _ _ _ _ _ _ _ _ _ _ _ _ _ _ _ _ _ _ _ _ _ _ _ _ _ _ _ _ _ _ _ _ _ _ _ _ _ _ _ _ _ _ _ _ _ _ 
cakectl/cakectl.py:50: in build
    return self.run(["build", vmname] + args)
cakectl/cakectl.py:125: in run
    completed_process = subprocess.run(["cakectl"] + args, env=env, capture_output=True, input=input, timeout=timeout, pass_fds=pass_fds)
/opt/homebrew/Cellar/python@3.13/3.13.3/Frameworks/Python.framework/Versions/3.13/lib/python3.13/subprocess.py:554: in run
    with Popen(*popenargs, **kwargs) as process:
/opt/homebrew/Cellar/python@3.13/3.13.3/Frameworks/Python.framework/Versions/3.13/lib/python3.13/subprocess.py:1039: in __init__
    self._execute_child(args, executable, preexec_fn, close_fds,
_ _ _ _ _ _ _ _ _ _ _ _ _ _ _ _ _ _ _ _ _ _ _ _ _ _ _ _ _ _ _ _ _ _ _ _ _ _ _ _ _ _ _ _ _ _ _ _ _ _ _ _ _ _ _ _ _ _ _ _ _ _ _ _ _ _ _ _ _ _ _ _ _ _ _ _ _ _ _ _ _ _ _ _ _ 

self = &lt;Popen: returncode: 255 args: ['cakectl', 'build', 'debian-e3e05cc3-dfa9-441...&gt;
args = ['cakectl', 'build', 'debian-e3e05cc3-dfa9-4413-87a3-fa1e0acdd287', '--user=admin', '--password=admin', '--clear-password', ...], executable = b'cakectl'
preexec_fn = None, close_fds = True, pass_fds = (), cwd = None
env = {'AFPCUBE_PASSWORD': 'efc2d3edb5136a54d02691758d4d0d91', 'AFPCUBE_SMTP_AUTH': 'true', 'AFPCUBE_SMTP_ENABLED': 'true', 'AFPCUBE_SMTP_FROM': 'fboltz@aldune.com', ...}
startupinfo = None, creationflags = 0, shell = False, p2cread = -1, p2cwrite = -1, c2pread = 12, c2pwrite = 13, errread = 14, errwrite = 15, restore_signals = True
gid = None, gids = None, uid = None, umask = -1, start_new_session = False, process_group = -1

    def _execute_child(self, args, executable, preexec_fn, close_fds,
                       pass_fds, cwd, env,
                       startupinfo, creationflags, shell,
                       p2cread, p2cwrite,
                       c2pread, c2pwrite,
                       errread, errwrite,
                       restore_signals,
                       gid, gids, uid, umask,
                       start_new_session, process_group):
        """Execute program (POSIX version)"""
    
        if isinstance(args, (str, bytes)):
            args = [args]
        elif isinstance(args, os.PathLike):
            if shell:
                raise TypeError('path-like args is not allowed when '
                                'shell is true')
            args = [args]
        else:
            args = list(args)
    
        if shell:
            # On Android the default shell is at '/system/bin/sh'.
            unix_shell = ('/system/bin/sh' if
                      hasattr(sys, 'getandroidapilevel') else '/bin/sh')
            args = [unix_shell, "-c"] + args
            if executable:
                args[0] = executable
    
        if executable is None:
            executable = args[0]
    
        sys.audit("subprocess.Popen", executable, args, cwd, env)
    
        if (_USE_POSIX_SPAWN
                and os.path.dirname(executable)
                and preexec_fn is None
                and (not close_fds or _HAVE_POSIX_SPAWN_CLOSEFROM)
                and not pass_fds
                and cwd is None
                and (p2cread == -1 or p2cread &gt; 2)
                and (c2pwrite == -1 or c2pwrite &gt; 2)
                and (errwrite == -1 or errwrite &gt; 2)
                and not start_new_session
                and process_group == -1
                and gid is None
                and gids is None
                and uid is None
                and umask &lt; 0):
            self._posix_spawn(args, executable, env, restore_signals, close_fds,
                              p2cread, p2cwrite,
                              c2pread, c2pwrite,
                              errread, errwrite)
            return
    
        orig_executable = executable
    
        # For transferring possible exec failure from child to parent.
        # Data format: "exception name:hex errno:description"
        # Pickle is not used; it is complex and involves memory allocation.
        errpipe_read, errpipe_write = os.pipe()
        # errpipe_write must not be in the standard io 0, 1, or 2 fd range.
        low_fds_to_close = []
        while errpipe_write &lt; 3:
            low_fds_to_close.append(errpipe_write)
            errpipe_write = os.dup(errpipe_write)
        for low_fd in low_fds_to_close:
            os.close(low_fd)
        try:
            try:
                # We must avoid complex work that could involve
                # malloc or free in the child process to avoid
                # potential deadlocks, thus we do all this here.
                # and pass it to fork_exec()
    
                if env is not None:
                    env_list = []
                    for k, v in env.items():
                        k = os.fsencode(k)
                        if b'=' in k:
                            raise ValueError("illegal environment variable name")
                        env_list.append(k + b'=' + os.fsencode(v))
                else:
                    env_list = None  # Use execv instead of execve.
                executable = os.fsencode(executable)
                if os.path.dirname(executable):
                    executable_list = (executable,)
                else:
                    # This matches the behavior of os._execvpe().
                    executable_list = tuple(
                        os.path.join(os.fsencode(dir), executable)
                        for dir in os.get_exec_path(env))
                fds_to_keep = set(pass_fds)
                fds_to_keep.add(errpipe_write)
                self.pid = _fork_exec(
                        args, executable_list,
                        close_fds, tuple(sorted(map(int, fds_to_keep))),
                        cwd, env_list,
                        p2cread, p2cwrite, c2pread, c2pwrite,
                        errread, errwrite,
                        errpipe_read, errpipe_write,
                        restore_signals, start_new_session,
                        process_group, gid, gids, uid, umask,
                        preexec_fn, _USE_VFORK)
                self._child_created = True
            finally:
                # be sure the FD is closed no matter what
                os.close(errpipe_write)
    
            self._close_pipe_fds(p2cread, p2cwrite,
                                 c2pread, c2pwrite,
                                 errread, errwrite)
    
            # Wait for exec to fail or succeed; possibly raising an
            # exception (limited in size)
            errpipe_data = bytearray()
            while True:
                part = os.read(errpipe_read, 50000)
                errpipe_data += part
                if not part or len(errpipe_data) &gt; 50000:
                    break
        finally:
            # be sure the FD is closed no matter what
            os.close(errpipe_read)
    
        if errpipe_data:
            try:
                pid, sts = os.waitpid(self.pid, 0)
                if pid == self.pid:
                    self._handle_exitstatus(sts)
                else:
                    self.returncode = sys.maxsize
            except ChildProcessError:
                pass
    
            try:
                exception_name, hex_errno, err_msg = (
                        errpipe_data.split(b':', 2))
                # The encoding here should match the encoding
                # written in by the subprocess implementations
                # like _posixsubprocess
                err_msg = err_msg.decode()
            except ValueError:
                exception_name = b'SubprocessError'
                hex_errno = b'0'
                err_msg = 'Bad exception data from child: {!r}'.format(
                              bytes(errpipe_data))
            child_exception_type = getattr(
                    builtins, exception_name.decode('ascii'),
                    SubprocessError)
            if issubclass(child_exception_type, OSError) and hex_errno:
                errno_num = int(hex_errno, 16)
                if err_msg == "noexec:chdir":
                    err_msg = ""
                    # The error must be from chdir(cwd).
                    err_filename = cwd
                elif err_msg == "noexec":
                    err_msg = ""
                    err_filename = None
                else:
                    err_filename = orig_executable
                if errno_num != 0:
                    err_msg = os.strerror(errno_num)
                if err_filename is not None:
&gt;                   raise child_exception_type(errno_num, err_msg, err_filename)
E                   FileNotFoundError: [Errno 2] No such file or directory: 'cakectl'

/opt/homebrew/Cellar/python@3.13/3.13.3/Frameworks/Python.framework/Versions/3.13/lib/python3.13/subprocess.py:1969: FileNotFoundError</failure></testcase><testcase classname="cakectl.test_cakectl" name="test_networks" time="0.004"><failure message="FileNotFoundError: [Errno 2] No such file or directory: 'cakectl'">cakectl = &lt;cakectl.CakeCtl object at 0x1045ffe50&gt;

    def test_networks(cakectl):
    	network_name = f"test-network-{uuid.uuid4()}-{uuid.uuid4()}"
    
&gt;   	cakectl.run(["networks", "create", network_name, "--mode=shared", "--gateway=192.168.106.1", "--dhcp-end=192.168.106.128", "--netmask=255.255.254.0"])

cakectl/test_cakectl.py:142: 
_ _ _ _ _ _ _ _ _ _ _ _ _ _ _ _ _ _ _ _ _ _ _ _ _ _ _ _ _ _ _ _ _ _ _ _ _ _ _ _ _ _ _ _ _ _ _ _ _ _ _ _ _ _ _ _ _ _ _ _ _ _ _ _ _ _ _ _ _ _ _ _ _ _ _ _ _ _ _ _ _ _ _ _ _ 
cakectl/cakectl.py:125: in run
    completed_process = subprocess.run(["cakectl"] + args, env=env, capture_output=True, input=input, timeout=timeout, pass_fds=pass_fds)
/opt/homebrew/Cellar/python@3.13/3.13.3/Frameworks/Python.framework/Versions/3.13/lib/python3.13/subprocess.py:554: in run
    with Popen(*popenargs, **kwargs) as process:
/opt/homebrew/Cellar/python@3.13/3.13.3/Frameworks/Python.framework/Versions/3.13/lib/python3.13/subprocess.py:1039: in __init__
    self._execute_child(args, executable, preexec_fn, close_fds,
_ _ _ _ _ _ _ _ _ _ _ _ _ _ _ _ _ _ _ _ _ _ _ _ _ _ _ _ _ _ _ _ _ _ _ _ _ _ _ _ _ _ _ _ _ _ _ _ _ _ _ _ _ _ _ _ _ _ _ _ _ _ _ _ _ _ _ _ _ _ _ _ _ _ _ _ _ _ _ _ _ _ _ _ _ 

self = &lt;Popen: returncode: 255 args: ['cakectl', 'networks', 'create', 'test-networ...&gt;
args = ['cakectl', 'networks', 'create', 'test-network-e34de20b-69e0-4083-82af-a7028009331b-7f7ce6e7-9ab8-46d9-84a5-d2842631b2df', '--mode=shared', '--gateway=192.168.106.1', ...]
executable = b'cakectl', preexec_fn = None, close_fds = True, pass_fds = (), cwd = None
env = {'AFPCUBE_PASSWORD': 'efc2d3edb5136a54d02691758d4d0d91', 'AFPCUBE_SMTP_AUTH': 'true', 'AFPCUBE_SMTP_ENABLED': 'true', 'AFPCUBE_SMTP_FROM': 'fboltz@aldune.com', ...}
startupinfo = None, creationflags = 0, shell = False, p2cread = -1, p2cwrite = -1, c2pread = 12, c2pwrite = 13, errread = 14, errwrite = 15, restore_signals = True
gid = None, gids = None, uid = None, umask = -1, start_new_session = False, process_group = -1

    def _execute_child(self, args, executable, preexec_fn, close_fds,
                       pass_fds, cwd, env,
                       startupinfo, creationflags, shell,
                       p2cread, p2cwrite,
                       c2pread, c2pwrite,
                       errread, errwrite,
                       restore_signals,
                       gid, gids, uid, umask,
                       start_new_session, process_group):
        """Execute program (POSIX version)"""
    
        if isinstance(args, (str, bytes)):
            args = [args]
        elif isinstance(args, os.PathLike):
            if shell:
                raise TypeError('path-like args is not allowed when '
                                'shell is true')
            args = [args]
        else:
            args = list(args)
    
        if shell:
            # On Android the default shell is at '/system/bin/sh'.
            unix_shell = ('/system/bin/sh' if
                      hasattr(sys, 'getandroidapilevel') else '/bin/sh')
            args = [unix_shell, "-c"] + args
            if executable:
                args[0] = executable
    
        if executable is None:
            executable = args[0]
    
        sys.audit("subprocess.Popen", executable, args, cwd, env)
    
        if (_USE_POSIX_SPAWN
                and os.path.dirname(executable)
                and preexec_fn is None
                and (not close_fds or _HAVE_POSIX_SPAWN_CLOSEFROM)
                and not pass_fds
                and cwd is None
                and (p2cread == -1 or p2cread &gt; 2)
                and (c2pwrite == -1 or c2pwrite &gt; 2)
                and (errwrite == -1 or errwrite &gt; 2)
                and not start_new_session
                and process_group == -1
                and gid is None
                and gids is None
                and uid is None
                and umask &lt; 0):
            self._posix_spawn(args, executable, env, restore_signals, close_fds,
                              p2cread, p2cwrite,
                              c2pread, c2pwrite,
                              errread, errwrite)
            return
    
        orig_executable = executable
    
        # For transferring possible exec failure from child to parent.
        # Data format: "exception name:hex errno:description"
        # Pickle is not used; it is complex and involves memory allocation.
        errpipe_read, errpipe_write = os.pipe()
        # errpipe_write must not be in the standard io 0, 1, or 2 fd range.
        low_fds_to_close = []
[...]
            unix_shell = ('/system/bin/sh' if
                      hasattr(sys, 'getandroidapilevel') else '/bin/sh')
            args = [unix_shell, "-c"] + args
            if executable:
                args[0] = executable
    
        if executable is None:
            executable = args[0]
    
        sys.audit("subprocess.Popen", executable, args, cwd, env)
    
        if (_USE_POSIX_SPAWN
                and os.path.dirname(executable)
                and preexec_fn is None
                and (not close_fds or _HAVE_POSIX_SPAWN_CLOSEFROM)
                and not pass_fds
                and cwd is None
                and (p2cread == -1 or p2cread &gt; 2)
                and (c2pwrite == -1 or c2pwrite &gt; 2)
                and (errwrite == -1 or errwrite &gt; 2)
                and not start_new_session
                and process_group == -1
                and gid is None
                and gids is None
                and uid is None
                and umask &lt; 0):
            self._posix_spawn(args, executable, env, restore_signals, close_fds,
                              p2cread, p2cwrite,
                              c2pread, c2pwrite,
                              errread, errwrite)
            return
    
        orig_executable = executable
    
        # For transferring possible exec failure from child to parent.
        # Data format: "exception name:hex errno:description"
        # Pickle is not used; it is complex and involves memory allocation.
        errpipe_read, errpipe_write = os.pipe()
        # errpipe_write must not be in the standard io 0, 1, or 2 fd range.
        low_fds_to_close = []
        while errpipe_write &lt; 3:
            low_fds_to_close.append(errpipe_write)
            errpipe_write = os.dup(errpipe_write)
        for low_fd in low_fds_to_close:
            os.close(low_fd)
        try:
            try:
                # We must avoid complex work that could involve
                # malloc or free in the child process to avoid
                # potential deadlocks, thus we do all this here.
                # and pass it to fork_exec()
    
                if env is not None:
                    env_list = []
                    for k, v in env.items():
                        k = os.fsencode(k)
                        if b'=' in k:
                            raise ValueError("illegal environment variable name")
                        env_list.append(k + b'=' + os.fsencode(v))
                else:
                    env_list = None  # Use execv instead of execve.
                executable = os.fsencode(executable)
                if os.path.dirname(executable):
                    executable_list = (executable,)
                else:
                    # This matches the behavior of os._execvpe().
                    executable_list = tuple(
                        os.path.join(os.fsencode(dir), executable)
                        for dir in os.get_exec_path(env))
                fds_to_keep = set(pass_fds)
                fds_to_keep.add(errpipe_write)
                self.pid = _fork_exec(
                        args, executable_list,
                        close_fds, tuple(sorted(map(int, fds_to_keep))),
                        cwd, env_list,
                        p2cread, p2cwrite, c2pread, c2pwrite,
                        errread, errwrite,
                        errpipe_read, errpipe_write,
                        restore_signals, start_new_session,
                        process_group, gid, gids, uid, umask,
                        preexec_fn, _USE_VFORK)
                self._child_created = True
            finally:
                # be sure the FD is closed no matter what
                os.close(errpipe_write)
    
            self._close_pipe_fds(p2cread, p2cwrite,
                                 c2pread, c2pwrite,
                                 errread, errwrite)
    
            # Wait for exec to fail or succeed; possibly raising an
            # exception (limited in size)
            errpipe_data = bytearray()
            while True:
                part = os.read(errpipe_read, 50000)
                errpipe_data += part
                if not part or len(errpipe_data) &gt; 50000:
                    break
        finally:
            # be sure the FD is closed no matter what
            os.close(errpipe_read)
    
        if errpipe_data:
            try:
                pid, sts = os.waitpid(self.pid, 0)
                if pid == self.pid:
                    self._handle_exitstatus(sts)
                else:
                    self.returncode = sys.maxsize
            except ChildProcessError:
                pass
    
            try:
                exception_name, hex_errno, err_msg = (
                        errpipe_data.split(b':', 2))
                # The encoding here should match the encoding
                # written in by the subprocess implementations
                # like _posixsubprocess
                err_msg = err_msg.decode()
            except ValueError:
                exception_name = b'SubprocessError'
                hex_errno = b'0'
                err_msg = 'Bad exception data from child: {!r}'.format(
                              bytes(errpipe_data))
            child_exception_type = getattr(
                    builtins, exception_name.decode('ascii'),
                    SubprocessError)
            if issubclass(child_exception_type, OSError) and hex_errno:
                errno_num = int(hex_errno, 16)
                if err_msg == "noexec:chdir":
                    err_msg = ""
                    # The error must be from chdir(cwd).
                    err_filename = cwd
                elif err_msg == "noexec":
                    err_msg = ""
                    err_filename = None
                else:
                    err_filename = orig_executable
                if errno_num != 0:
                    err_msg = os.strerror(errno_num)
                if err_filename is not None:
&gt;                   raise child_exception_type(errno_num, err_msg, err_filename)
E                   FileNotFoundError: [Errno 2] No such file or directory: 'cakectl'

/opt/homebrew/Cellar/python@3.13/3.13.3/Frameworks/Python.framework/Versions/3.13/lib/python3.13/subprocess.py:1969: FileNotFoundError</failure></testcase><testcase classname="caked.test_caked" name="test_clone_with_tart" time="0.241" /><testcase classname="caked.test_caked" name="test_create_linux" time="0.152" /><testcase classname="caked.test_caked" name="test_rename" time="0.158" /><testcase classname="caked.test_caked" name="test_duplicate" time="0.184" /><testcase classname="caked.test_caked" name="test_delete" time="0.157" /><testcase classname="caked.test_caked" name="test_vmrun" time="7.514"><failure message="paramiko.ssh_exception.NoValidConnectionsError: [Errno None] Unable to connect to port 22 on 192.168.106.46">caked = &lt;caked.Caked object at 0x1046968d0&gt;

    def test_vmrun(caked):
    	vm_name = f"integration-test-run-{uuid.uuid4()}"
    
    	# Instantiate a VM with admin:admin SSH access
    	caked.build(vm_name)
    
    	# Run the VM asynchronously
    	caked_run_process = caked.run_async(["vmrun", vm_name])
    
    	sleep(2)
    
    	# Obtain the VM's IP
    	stdout, _ = caked.waitip(vm_name)
    	ip = stdout.strip()
    
    	# Connect to the VM over SSH and shutdown it
    	client = SSHClient()
    	client.set_missing_host_key_policy(AutoAddPolicy)
&gt;   	client.connect(ip, username="admin", password="admin")

caked/test_caked.py:108: 
_ _ _ _ _ _ _ _ _ _ _ _ _ _ _ _ _ _ _ _ _ _ _ _ _ _ _ _ _ _ _ _ _ _ _ _ _ _ _ _ _ _ _ _ _ _ _ _ _ _ _ _ _ _ _ _ _ _ _ _ _ _ _ _ _ _ _ _ _ _ _ _ _ _ _ _ _ _ _ _ _ _ _ _ _ 

self = &lt;paramiko.client.SSHClient object at 0x1044934d0&gt;, hostname = '192.168.106.46', port = 22, username = 'admin', password = 'admin', pkey = None, key_filename = None
timeout = None, allow_agent = True, look_for_keys = True, compress = False, sock = &lt;socket.socket [closed] fd=-1, family=2, type=1, proto=0&gt;, gss_auth = False
gss_kex = False, gss_deleg_creds = True, gss_host = None, banner_timeout = None, auth_timeout = None, channel_timeout = None, gss_trust_dns = True, passphrase = None
disabled_algorithms = None, transport_factory = None, auth_strategy = None

    def connect(
        self,
        hostname,
        port=SSH_PORT,
        username=None,
        password=None,
        pkey=None,
        key_filename=None,
        timeout=None,
        allow_agent=True,
        look_for_keys=True,
        compress=False,
        sock=None,
        gss_auth=False,
        gss_kex=False,
        gss_deleg_creds=True,
        gss_host=None,
        banner_timeout=None,
        auth_timeout=None,
        channel_timeout=None,
        gss_trust_dns=True,
        passphrase=None,
        disabled_algorithms=None,
        transport_factory=None,
        auth_strategy=None,
    ):
        """
        Connect to an SSH server and authenticate to it.  The server's host key
        is checked against the system host keys (see `load_system_host_keys`)
        and any local host keys (`load_host_keys`).  If the server's hostname
        is not found in either set of host keys, the missing host key policy
        is used (see `set_missing_host_key_policy`).  The default policy is
        to reject the key and raise an `.SSHException`.
    
        Authentication is attempted in the following order of priority:
    
            - The ``pkey`` or ``key_filename`` passed in (if any)
    
              - ``key_filename`` may contain OpenSSH public certificate paths
                as well as regular private-key paths; when files ending in
                ``-cert.pub`` are found, they are assumed to match a private
                key, and both components will be loaded. (The private key
                itself does *not* need to be listed in ``key_filename`` for
                this to occur - *just* the certificate.)
    
            - Any key we can find through an SSH agent
            - Any "id_rsa", "id_dsa" or "id_ecdsa" key discoverable in
              ``~/.ssh/``
    
              - When OpenSSH-style public certificates exist that match an
                existing such private key (so e.g. one has ``id_rsa`` and
                ``id_rsa-cert.pub``) the certificate will be loaded alongside
                the private key and used for authentication.
    
            - Plain username/password auth, if a password was given
    
        If a private key requires a password to unlock it, and a password is
        passed in, that password will be used to attempt to unlock the key.
    
        :param str hostname: the server to connect to
        :param int port: the server port to connect to
        :param str username:
            the username to authenticate as (defaults to the current local
            username)
        :param str password:
            Used for password authentication; is also used for private key
            decryption if ``passphrase`` is not given.
        :param str passphrase:
            Used for decrypting private keys.
        :param .PKey pkey: an optional private key to use for authentication
        :param str key_filename:
            the filename, or list of filenames, of optional private key(s)
            and/or certs to try for authentication
        :param float timeout:
            an optional timeout (in seconds) for the TCP connect
        :param bool allow_agent:
            set to False to disable connecting to the SSH agent
        :param bool look_for_keys:
            set to False to disable searching for discoverable private key
            files in ``~/.ssh/``
        :param bool compress: set to True to turn on compression
        :param socket sock:
            an open socket or socket-like object (such as a `.Channel`) to use
            for communication to the target host
        :param bool gss_auth:
            ``True`` if you want to use GSS-API authentication
        :param bool gss_kex:
            Perform GSS-API Key Exchange and user authentication
        :param bool gss_deleg_creds: Delegate GSS-API client credentials or not
        :param str gss_host:
            The targets name in the kerberos database. default: hostname
        :param bool gss_trust_dns:
            Indicates whether or not the DNS is trusted to securely
            canonicalize the name of the host being connected to (default
            ``True``).
        :param float banner_timeout: an optional timeout (in seconds) to wait
            for the SSH banner to be presented.
        :param float auth_timeout: an optional timeout (in seconds) to wait for
            an authentication response.
        :param float channel_timeout: an optional timeout (in seconds) to wait
             for a channel open response.
        :param dict disabled_algorithms:
            an optional dict passed directly to `.Transport` and its keyword
            argument of the same name.
        :param transport_factory:
            an optional callable which is handed a subset of the constructor
            arguments (primarily those related to the socket, GSS
            functionality, and algorithm selection) and generates a
            `.Transport` instance to be used by this client. Defaults to
            `.Transport.__init__`.
        :param auth_strategy:
            an optional instance of `.AuthStrategy`, triggering use of this
            newer authentication mechanism instead of SSHClient's legacy auth
            method.
    
            .. warning::
                This parameter is **incompatible** with all other
                authentication-related parameters (such as, but not limited to,
                ``password``, ``key_filename`` and ``allow_agent``) and will
                trigger an exception if given alongside them.
    
        :returns:
            `.AuthResult` if ``auth_strategy`` is non-``None``; otherwise,
            returns ``None``.
    
        :raises BadHostKeyException:
            if the server's host key could not be verified.
        :raises AuthenticationException:
            if authentication failed.
        :raises UnableToAuthenticate:
            if authentication failed (when ``auth_strategy`` is non-``None``;
            and note that this is a subclass of ``AuthenticationException``).
        :raises socket.error:
            if a socket error (other than connection-refused or
            host-unreachable) occurred while connecting.
        :raises NoValidConnectionsError:
            if all valid connection targets for the requested hostname (eg IPv4
            and IPv6) yielded connection-refused or host-unreachable socket
            errors.
        :raises SSHException:
            if there was any other error connecting or establishing an SSH
            session.
    
        .. versionchanged:: 1.15
            Added the ``banner_timeout``, ``gss_auth``, ``gss_kex``,
            ``gss_deleg_creds`` and ``gss_host`` arguments.
        .. versionchanged:: 2.3
            Added the ``gss_trust_dns`` argument.
        .. versionchanged:: 2.4
            Added the ``passphrase`` argument.
        .. versionchanged:: 2.6
            Added the ``disabled_algorithms`` argument.
        .. versionchanged:: 2.12
            Added the ``transport_factory`` argument.
        .. versionchanged:: 3.2
            Added the ``auth_strategy`` argument.
        """
        if not sock:
            errors = {}
            # Try multiple possible address families (e.g. IPv4 vs IPv6)
            to_try = list(self._families_and_addresses(hostname, port))
            for af, addr in to_try:
                try:
                    sock = socket.socket(af, socket.SOCK_STREAM)
                    if timeout is not None:
                        try:
                            sock.settimeout(timeout)
                        except:
                            pass
                    sock.connect(addr)
                    # Break out of the loop on success
                    break
                except socket.error as e:
                    # As mentioned in socket docs it is better
                    # to close sockets explicitly
                    if sock:
                        sock.close()
                    # Raise anything that isn't a straight up connection error
                    # (such as a resolution error)
                    if e.errno not in (ECONNREFUSED, EHOSTUNREACH):
                        raise
                    # Capture anything else so we know how the run looks once
                    # iteration is complete. Retain info about which attempt
                    # this was.
                    errors[addr] = e
    
            # Make sure we explode usefully if no address family attempts
            # succeeded. We've no way of knowing which error is the "right"
            # one, so we construct a hybrid exception containing all the real
            # ones, of a subclass that client code should still be watching for
            # (socket.error)
            if len(errors) == len(to_try):
&gt;               raise NoValidConnectionsError(errors)
E               paramiko.ssh_exception.NoValidConnectionsError: [Errno None] Unable to connect to port 22 on 192.168.106.46

venv/lib/python3.13/site-packages/paramiko/client.py:409: NoValidConnectionsError</failure></testcase><testcase classname="caked.test_caked" name="test_launch" time="11.948" /><testcase classname="caked.test_caked" name="test_remote" time="0.100" /><testcase classname="caked.test_caked" name="test_template" time="12.079" /><testcase classname="caked.test_caked" name="test_networks" time="0.041"><failure message="subprocess.CalledProcessError: Command '['caked', 'networks', 'create', 'test-network-4ce7f4ec-d312-4619-8d1f-834e5d186907-35ab513c-d86e-4729-8372-c5068c86529a', '--mode=shared', '--gateway=192.168.106.1', '--dhcp-end=192.168.106.128', '--netmask=255.255.254.0']' returned non-zero exit status 1.">caked = &lt;caked.Caked object at 0x105888350&gt;

    def test_networks(caked):
    	network_name = f"test-network-{uuid.uuid4()}-{uuid.uuid4()}"
    
&gt;   	caked.run(["networks", "create", network_name, "--mode=shared", "--gateway=192.168.106.1", "--dhcp-end=192.168.106.128", "--netmask=255.255.254.0"])

caked/test_caked.py:171: 
_ _ _ _ _ _ _ _ _ _ _ _ _ _ _ _ _ _ _ _ _ _ _ _ _ _ _ _ _ _ _ _ _ _ _ _ _ _ _ _ _ _ _ _ _ _ _ _ _ _ _ _ _ _ _ _ _ _ _ _ _ _ _ _ _ _ _ _ _ _ _ _ _ _ _ _ _ _ _ _ _ _ _ _ _ 
caked/caked.py:113: in run
    completed_process.check_returncode()
_ _ _ _ _ _ _ _ _ _ _ _ _ _ _ _ _ _ _ _ _ _ _ _ _ _ _ _ _ _ _ _ _ _ _ _ _ _ _ _ _ _ _ _ _ _ _ _ _ _ _ _ _ _ _ _ _ _ _ _ _ _ _ _ _ _ _ _ _ _ _ _ _ _ _ _ _ _ _ _ _ _ _ _ _ 

self = CompletedProcess(args=['caked', 'networks', 'create', 'test-network-4ce7f4ec-d312-4619-8d1f-834e5d186907-35ab513c-d86e...128', '--netmask=255.255.254.0'], returncode=1, stdout=b'', stderr=b'Error: Gateway 192.168.106.1 is already in use\n')

    def check_returncode(self):
        """Raise CalledProcessError if the exit code is non-zero."""
        if self.returncode:
&gt;           raise CalledProcessError(self.returncode, self.args, self.stdout,
                                     self.stderr)
E           subprocess.CalledProcessError: Command '['caked', 'networks', 'create', 'test-network-4ce7f4ec-d312-4619-8d1f-834e5d186907-35ab513c-d86e-4729-8372-c5068c86529a', '--mode=shared', '--gateway=192.168.106.1', '--dhcp-end=192.168.106.128', '--netmask=255.255.254.0']' returned non-zero exit status 1.

/opt/homebrew/Cellar/python@3.13/3.13.3/Frameworks/Python.framework/Versions/3.13/lib/python3.13/subprocess.py:508: CalledProcessError</failure></testcase><testcase classname="caked.test_caked" name="test_exec" time="11.360" /><testcase time="0.108" /></testsuite></testsuites>